This is XeTeX, Version 3.14159265-2.6-0.99991 (TeX Live 2014) (preloaded format=xelatex 2015.4.21)  4 NOV 2015 12:08
entering extended mode
 restricted \write18 enabled.
 %&-line parsing enabled.
**MC.c5.tex
(./MC.c5.tex
LaTeX2e <2011/06/27>
Babel <3.9k> and hyphenation patterns for 59 languages loaded.
(./CBFT_article.cls
Document Class: CBFT_article 2007/10/19 v1.4h Modified Standard LaTeX document 
class
(/usr/share/texlive/texmf-dist/tex/latex/base/size10.clo
File: size10.clo 2007/10/19 v1.4h Standard LaTeX file (size option)
)
\c@part=\count80
\c@section=\count81
\c@subsection=\count82
\c@subsubsection=\count83
\c@paragraph=\count84
\c@subparagraph=\count85
\c@figure=\count86
\c@table=\count87
\abovecaptionskip=\skip41
\belowcaptionskip=\skip42
\bibindent=\dimen102
)
(/usr/share/texlive/texmf-dist/tex/latex/amsfonts/amssymb.sty
Package: amssymb 2013/01/14 v3.01 AMS font symbols

(/usr/share/texlive/texmf-dist/tex/latex/amsfonts/amsfonts.sty
Package: amsfonts 2013/01/14 v3.01 Basic AMSFonts support
\@emptytoks=\toks14
\symAMSa=\mathgroup4
\symAMSb=\mathgroup5
LaTeX Font Info:    Overwriting math alphabet `\mathfrak' in version `bold'
(Font)                  U/euf/m/n --> U/euf/b/n on input line 106.
))
(/usr/share/texlive/texmf-dist/tex/latex/amsmath/amsmath.sty
Package: amsmath 2013/01/14 v2.14 AMS math features
\@mathmargin=\skip43

For additional information on amsmath, use the `?' option.
(/usr/share/texlive/texmf-dist/tex/latex/amsmath/amstext.sty
Package: amstext 2000/06/29 v2.01

(/usr/share/texlive/texmf-dist/tex/latex/amsmath/amsgen.sty
File: amsgen.sty 1999/11/30 v2.0
\@emptytoks=\toks15
\ex@=\dimen103
))
(/usr/share/texlive/texmf-dist/tex/latex/amsmath/amsbsy.sty
Package: amsbsy 1999/11/29 v1.2d
\pmbraise@=\dimen104
)
(/usr/share/texlive/texmf-dist/tex/latex/amsmath/amsopn.sty
Package: amsopn 1999/12/14 v2.01 operator names
)
\inf@bad=\count88
LaTeX Info: Redefining \frac on input line 210.
\uproot@=\count89
\leftroot@=\count90
LaTeX Info: Redefining \overline on input line 306.
\classnum@=\count91
\DOTSCASE@=\count92
LaTeX Info: Redefining \ldots on input line 378.
LaTeX Info: Redefining \dots on input line 381.
LaTeX Info: Redefining \cdots on input line 466.
\Mathstrutbox@=\box26
\strutbox@=\box27
\big@size=\dimen105
LaTeX Font Info:    Redeclaring font encoding OML on input line 566.
LaTeX Font Info:    Redeclaring font encoding OMS on input line 567.
\macc@depth=\count93
\c@MaxMatrixCols=\count94
\dotsspace@=\muskip10
\c@parentequation=\count95
\dspbrk@lvl=\count96
\tag@help=\toks16
\row@=\count97
\column@=\count98
\maxfields@=\count99
\andhelp@=\toks17
\eqnshift@=\dimen106
\alignsep@=\dimen107
\tagshift@=\dimen108
\tagwidth@=\dimen109
\totwidth@=\dimen110
\lineht@=\dimen111
\@envbody=\toks18
\multlinegap=\skip44
\multlinetaggap=\skip45
\mathdisplay@stack=\toks19
LaTeX Info: Redefining \[ on input line 2665.
LaTeX Info: Redefining \] on input line 2666.
)
(/usr/share/texlive/texmf-dist/tex/latex/graphics/graphicx.sty
Package: graphicx 1999/02/16 v1.0f Enhanced LaTeX Graphics (DPC,SPQR)

(/usr/share/texlive/texmf-dist/tex/latex/graphics/keyval.sty
Package: keyval 1999/03/16 v1.13 key=value parser (DPC)
\KV@toks@=\toks20
)
(/usr/share/texlive/texmf-dist/tex/latex/graphics/graphics.sty
Package: graphics 2009/02/05 v1.0o Standard LaTeX Graphics (DPC,SPQR)

(/usr/share/texlive/texmf-dist/tex/latex/graphics/trig.sty
Package: trig 1999/03/16 v1.09 sin cos tan (DPC)
)
(/usr/share/texlive/texmf-dist/tex/latex/latexconfig/graphics.cfg
File: graphics.cfg 2010/04/23 v1.9 graphics configuration of TeX Live
)
Package graphics Info: Driver file: xetex.def on input line 91.

(/usr/share/texlive/texmf-dist/tex/xelatex/xetex-def/xetex.def
File: xetex.def 2014/04/07 v0.99 LaTeX color/graphics driver for XeTeX (RRM/JK)

))
\Gin@req@height=\dimen112
\Gin@req@width=\dimen113
)
(/usr/share/texlive/texmf-dist/tex/latex/libertine/libertine.sty
Package: libertine 2014/02/19 (Bob Tennent) Supports Libertine and Biolinum fon
ts for all LaTeX engines.

(/usr/share/texlive/texmf-dist/tex/generic/ifxetex/ifxetex.sty
Package: ifxetex 2010/09/12 v0.6 Provides ifxetex conditional
)
(/usr/share/texlive/texmf-dist/tex/generic/oberdiek/ifluatex.sty
Package: ifluatex 2010/03/01 v1.3 Provides the ifluatex switch (HO)
Package ifluatex Info: LuaTeX not detected.
)
(/usr/share/texlive/texmf-dist/tex/latex/xkeyval/xkeyval.sty
Package: xkeyval 2012/10/14 v2.6b package option processing (HA)

(/usr/share/texlive/texmf-dist/tex/generic/xkeyval/xkeyval.tex
\XKV@toks=\toks21
\XKV@tempa@toks=\toks22
\XKV@depth=\count100
File: xkeyval.tex 2012/10/14 v2.6b key=value parser (HA)
))
(/usr/share/texlive/texmf-dist/tex/latex/base/textcomp.sty
Package: textcomp 2005/09/27 v1.99g Standard LaTeX package
Package textcomp Info: Sub-encoding information:
(textcomp)               5 = only ISO-Adobe without \textcurrency
(textcomp)               4 = 5 + \texteuro
(textcomp)               3 = 4 + \textohm
(textcomp)               2 = 3 + \textestimated + \textcurrency
(textcomp)               1 = TS1 - \textcircled - \t
(textcomp)               0 = TS1 (full)
(textcomp)             Font families with sub-encoding setting implement
(textcomp)             only a restricted character set as indicated.
(textcomp)             Family '?' is the default used for unknown fonts.
(textcomp)             See the documentation for details.
Package textcomp Info: Setting ? sub-encoding to TS1/1 on input line 71.

(/usr/share/texlive/texmf-dist/tex/latex/base/ts1enc.def
File: ts1enc.def 2001/06/05 v3.0e (jk/car/fm) Standard LaTeX file
)
LaTeX Info: Redefining \oldstylenums on input line 266.
Package textcomp Info: Setting cmr sub-encoding to TS1/0 on input line 281.
Package textcomp Info: Setting cmss sub-encoding to TS1/0 on input line 282.
Package textcomp Info: Setting cmtt sub-encoding to TS1/0 on input line 283.
Package textcomp Info: Setting cmvtt sub-encoding to TS1/0 on input line 284.
Package textcomp Info: Setting cmbr sub-encoding to TS1/0 on input line 285.
Package textcomp Info: Setting cmtl sub-encoding to TS1/0 on input line 286.
Package textcomp Info: Setting ccr sub-encoding to TS1/0 on input line 287.
Package textcomp Info: Setting ptm sub-encoding to TS1/4 on input line 288.
Package textcomp Info: Setting pcr sub-encoding to TS1/4 on input line 289.
Package textcomp Info: Setting phv sub-encoding to TS1/4 on input line 290.
Package textcomp Info: Setting ppl sub-encoding to TS1/3 on input line 291.
Package textcomp Info: Setting pag sub-encoding to TS1/4 on input line 292.
Package textcomp Info: Setting pbk sub-encoding to TS1/4 on input line 293.
Package textcomp Info: Setting pnc sub-encoding to TS1/4 on input line 294.
Package textcomp Info: Setting pzc sub-encoding to TS1/4 on input line 295.
Package textcomp Info: Setting bch sub-encoding to TS1/4 on input line 296.
Package textcomp Info: Setting put sub-encoding to TS1/5 on input line 297.
Package textcomp Info: Setting uag sub-encoding to TS1/5 on input line 298.
Package textcomp Info: Setting ugq sub-encoding to TS1/5 on input line 299.
Package textcomp Info: Setting ul8 sub-encoding to TS1/4 on input line 300.
Package textcomp Info: Setting ul9 sub-encoding to TS1/4 on input line 301.
Package textcomp Info: Setting augie sub-encoding to TS1/5 on input line 302.
Package textcomp Info: Setting dayrom sub-encoding to TS1/3 on input line 303.
Package textcomp Info: Setting dayroms sub-encoding to TS1/3 on input line 304.

Package textcomp Info: Setting pxr sub-encoding to TS1/0 on input line 305.
Package textcomp Info: Setting pxss sub-encoding to TS1/0 on input line 306.
Package textcomp Info: Setting pxtt sub-encoding to TS1/0 on input line 307.
Package textcomp Info: Setting txr sub-encoding to TS1/0 on input line 308.
Package textcomp Info: Setting txss sub-encoding to TS1/0 on input line 309.
Package textcomp Info: Setting txtt sub-encoding to TS1/0 on input line 310.
Package textcomp Info: Setting lmr sub-encoding to TS1/0 on input line 311.
Package textcomp Info: Setting lmdh sub-encoding to TS1/0 on input line 312.
Package textcomp Info: Setting lmss sub-encoding to TS1/0 on input line 313.
Package textcomp Info: Setting lmssq sub-encoding to TS1/0 on input line 314.
Package textcomp Info: Setting lmvtt sub-encoding to TS1/0 on input line 315.
Package textcomp Info: Setting qhv sub-encoding to TS1/0 on input line 316.
Package textcomp Info: Setting qag sub-encoding to TS1/0 on input line 317.
Package textcomp Info: Setting qbk sub-encoding to TS1/0 on input line 318.
Package textcomp Info: Setting qcr sub-encoding to TS1/0 on input line 319.
Package textcomp Info: Setting qcs sub-encoding to TS1/0 on input line 320.
Package textcomp Info: Setting qpl sub-encoding to TS1/0 on input line 321.
Package textcomp Info: Setting qtm sub-encoding to TS1/0 on input line 322.
Package textcomp Info: Setting qzc sub-encoding to TS1/0 on input line 323.
Package textcomp Info: Setting qhvc sub-encoding to TS1/0 on input line 324.
Package textcomp Info: Setting futs sub-encoding to TS1/4 on input line 325.
Package textcomp Info: Setting futx sub-encoding to TS1/4 on input line 326.
Package textcomp Info: Setting futj sub-encoding to TS1/4 on input line 327.
Package textcomp Info: Setting hlh sub-encoding to TS1/3 on input line 328.
Package textcomp Info: Setting hls sub-encoding to TS1/3 on input line 329.
Package textcomp Info: Setting hlst sub-encoding to TS1/3 on input line 330.
Package textcomp Info: Setting hlct sub-encoding to TS1/5 on input line 331.
Package textcomp Info: Setting hlx sub-encoding to TS1/5 on input line 332.
Package textcomp Info: Setting hlce sub-encoding to TS1/5 on input line 333.
Package textcomp Info: Setting hlcn sub-encoding to TS1/5 on input line 334.
Package textcomp Info: Setting hlcw sub-encoding to TS1/5 on input line 335.
Package textcomp Info: Setting hlcf sub-encoding to TS1/5 on input line 336.
Package textcomp Info: Setting pplx sub-encoding to TS1/3 on input line 337.
Package textcomp Info: Setting pplj sub-encoding to TS1/3 on input line 338.
Package textcomp Info: Setting ptmx sub-encoding to TS1/4 on input line 339.
Package textcomp Info: Setting ptmj sub-encoding to TS1/4 on input line 340.
)
(/usr/share/texlive/texmf-dist/tex/latex/fontspec/fontspec.sty
Package: fontspec 2013/05/20 v2.3c Font selection for XeLaTeX and LuaLaTeX

(/usr/share/texlive/texmf-dist/tex/latex/l3kernel/expl3.sty
(/usr/share/texlive/texmf-dist/tex/latex/l3kernel/l3names.sty
(/usr/share/texlive/texmf-dist/tex/latex/l3kernel/l3bootstrap.sty
Package: l3bootstrap 2014/01/04 v4640 L3 Experimental bootstrap code
)
Package: l3names 2014/01/04 v4640 L3 Namespace for primitives
)
(/usr/share/texlive/texmf-dist/tex/latex/etex-pkg/etex.sty
Package: etex 1998/03/26 v2.0 eTeX basic definition package (PEB)
\et@xins=\count101
)
Package: expl3 2014/01/07 v4646 L3 Experimental code bundle wrapper

(/usr/share/texlive/texmf-dist/tex/latex/l3kernel/l3basics.sty
Package: l3basics 2014/01/04 v4642 L3 Basic definitions
)
(/usr/share/texlive/texmf-dist/tex/latex/l3kernel/l3expan.sty
Package: l3expan 2014/01/04 v4642 L3 Argument expansion
)
(/usr/share/texlive/texmf-dist/tex/latex/l3kernel/l3tl.sty
Package: l3tl 2013/12/27 v4625 L3 Token lists
)
(/usr/share/texlive/texmf-dist/tex/latex/l3kernel/l3seq.sty
Package: l3seq 2013/12/14 v4623 L3 Sequences and stacks
)
(/usr/share/texlive/texmf-dist/tex/latex/l3kernel/l3int.sty
Package: l3int 2013/08/02 v4583 L3 Integers
\c_max_int=\count102
\l_tmpa_int=\count103
\l_tmpb_int=\count104
\g_tmpa_int=\count105
\g_tmpb_int=\count106
)
(/usr/share/texlive/texmf-dist/tex/latex/l3kernel/l3quark.sty
Package: l3quark 2013/12/14 v4623 L3 Quarks
)
(/usr/share/texlive/texmf-dist/tex/latex/l3kernel/l3prg.sty
Package: l3prg 2014/01/04 v4642 L3 Control structures
\g__prg_map_int=\count107
)
(/usr/share/texlive/texmf-dist/tex/latex/l3kernel/l3clist.sty
Package: l3clist 2013/07/28 v4581 L3 Comma separated lists
)
(/usr/share/texlive/texmf-dist/tex/latex/l3kernel/l3token.sty
Package: l3token 2013/08/25 v4587 L3 Experimental token manipulation
)
(/usr/share/texlive/texmf-dist/tex/latex/l3kernel/l3prop.sty
Package: l3prop 2013/12/14 v4623 L3 Property lists
)
(/usr/share/texlive/texmf-dist/tex/latex/l3kernel/l3msg.sty
Package: l3msg 2013/07/28 v4581 L3 Messages
)
(/usr/share/texlive/texmf-dist/tex/latex/l3kernel/l3file.sty
Package: l3file 2013/10/13 v4596 L3 File and I/O operations
\l_iow_line_count_int=\count108
\l__iow_target_count_int=\count109
\l__iow_current_line_int=\count110
\l__iow_current_word_int=\count111
\l__iow_current_indentation_int=\count112
)
(/usr/share/texlive/texmf-dist/tex/latex/l3kernel/l3skip.sty
Package: l3skip 2013/07/28 v4581 L3 Dimensions and skips
\c_zero_dim=\dimen114
\c_max_dim=\dimen115
\l_tmpa_dim=\dimen116
\l_tmpb_dim=\dimen117
\g_tmpa_dim=\dimen118
\g_tmpb_dim=\dimen119
\c_zero_skip=\skip46
\c_max_skip=\skip47
\l_tmpa_skip=\skip48
\l_tmpb_skip=\skip49
\g_tmpa_skip=\skip50
\g_tmpb_skip=\skip51
\c_zero_muskip=\muskip11
\c_max_muskip=\muskip12
\l_tmpa_muskip=\muskip13
\l_tmpb_muskip=\muskip14
\g_tmpa_muskip=\muskip15
\g_tmpb_muskip=\muskip16
)
(/usr/share/texlive/texmf-dist/tex/latex/l3kernel/l3keys.sty
Package: l3keys 2013/12/08 v4614 L3 Experimental key-value interfaces
\g__keyval_level_int=\count113
\l_keys_choice_int=\count114
)
(/usr/share/texlive/texmf-dist/tex/latex/l3kernel/l3fp.sty
Package: l3fp 2014/01/04 v4642 L3 Floating points
\c__fp_leading_shift_int=\count115
\c__fp_middle_shift_int=\count116
\c__fp_trailing_shift_int=\count117
\c__fp_big_leading_shift_int=\count118
\c__fp_big_middle_shift_int=\count119
\c__fp_big_trailing_shift_int=\count120
\c__fp_Bigg_leading_shift_int=\count121
\c__fp_Bigg_middle_shift_int=\count122
\c__fp_Bigg_trailing_shift_int=\count123
)
(/usr/share/texlive/texmf-dist/tex/latex/l3kernel/l3box.sty
Package: l3box 2013/07/28 v4581 L3 Experimental boxes
\c_empty_box=\box28
\l_tmpa_box=\box29
\l_tmpb_box=\box30
\g_tmpa_box=\box31
\g_tmpb_box=\box32
)
(/usr/share/texlive/texmf-dist/tex/latex/l3kernel/l3coffins.sty
Package: l3coffins 2013/12/14 v4624 L3 Coffin code layer
\l__coffin_internal_box=\box33
\l__coffin_internal_dim=\dimen120
\l__coffin_offset_x_dim=\dimen121
\l__coffin_offset_y_dim=\dimen122
\l__coffin_x_dim=\dimen123
\l__coffin_y_dim=\dimen124
\l__coffin_x_prime_dim=\dimen125
\l__coffin_y_prime_dim=\dimen126
\c_empty_coffin=\box34
\l__coffin_aligned_coffin=\box35
\l__coffin_aligned_internal_coffin=\box36
\l_tmpa_coffin=\box37
\l_tmpb_coffin=\box38
\l__coffin_display_coffin=\box39
\l__coffin_display_coord_coffin=\box40
\l__coffin_display_pole_coffin=\box41
\l__coffin_display_offset_dim=\dimen127
\l__coffin_display_x_dim=\dimen128
\l__coffin_display_y_dim=\dimen129
)
(/usr/share/texlive/texmf-dist/tex/latex/l3kernel/l3color.sty
Package: l3color 2012/08/29 v4156 L3 Experimental color support
)
(/usr/share/texlive/texmf-dist/tex/latex/l3kernel/l3luatex.sty
Package: l3luatex 2013/07/28 v4581 L3 Experimental LuaTeX-specific functions
\g__cctab_allocate_int=\count124
\g__cctab_stack_int=\count125
)
(/usr/share/texlive/texmf-dist/tex/latex/l3kernel/l3candidates.sty
Package: l3candidates 2014/01/06 v4643 L3 Experimental additions to l3kernel
\l__box_top_dim=\dimen130
\l__box_bottom_dim=\dimen131
\l__box_left_dim=\dimen132
\l__box_right_dim=\dimen133
\l__box_top_new_dim=\dimen134
\l__box_bottom_new_dim=\dimen135
\l__box_left_new_dim=\dimen136
\l__box_right_new_dim=\dimen137
\l__box_internal_box=\box42
\l__coffin_bounding_shift_dim=\dimen138
\l__coffin_left_corner_dim=\dimen139
\l__coffin_right_corner_dim=\dimen140
\l__coffin_bottom_corner_dim=\dimen141
\l__coffin_top_corner_dim=\dimen142
\l__coffin_scaled_total_height_dim=\dimen143
\l__coffin_scaled_width_dim=\dimen144
)
(/usr/share/texlive/texmf-dist/tex/generic/oberdiek/ifpdf.sty
Package: ifpdf 2011/01/30 v2.3 Provides the ifpdf switch (HO)
Package ifpdf Info: pdfTeX in PDF mode is not detected.
))
(/usr/share/texlive/texmf-dist/tex/latex/l3packages/xparse/xparse.sty
Package: xparse 2013/12/31 v4634 L3 Experimental document command parser
\l__xparse_current_arg_int=\count126
\l__xparse_m_args_int=\count127
\l__xparse_mandatory_args_int=\count128
\l__xparse_processor_int=\count129
\l__xparse_v_nesting_int=\count130
)
\l_fontspec_script_int=\count131
\l_fontspec_language_int=\count132
\l_fontspec_strnum_int=\count133
\l_fontspec_tmpa_dim=\dimen145
\l_fontspec_tmpb_dim=\dimen146
\l_fontspec_tmpc_dim=\dimen147
Variant \tl_gset:cV already defined; not changing it on line 69

(/usr/share/texlive/texmf-dist/tex/latex/fontspec/fontspec-patches.sty
Package: fontspec-patches 2013/05/20 v2.3c Font selection for XeLaTeX and LuaLa
TeX

(/usr/share/texlive/texmf-dist/tex/latex/base/fixltx2e.sty
Package: fixltx2e 2006/09/13 v1.1m fixes to LaTeX
LaTeX Info: Redefining \em on input line 420.
LaTeX Info: The control sequence `\[' is already robust on input line 471.
LaTeX Info: The control sequence `\]' is already robust on input line 472.
)
LaTeX Info: Redefining \em on input line 22.
LaTeX Info: Redefining \emph on input line 30.
LaTeX Info: Redefining \- on input line 33.

*************************************************
* LaTeX warning: "xparse/redefine-command"
* 
* Redefining document command \oldstylenums with arg. spec. 'm' on line 128.
*************************************************
.................................................
. LaTeX info: "xparse/define-command"
. 
. Defining document command \liningnums with arg. spec. 'm' on line 132.
.................................................
) (/usr/share/texlive/texmf-dist/tex/latex/fontspec/fontspec-xetex.sty
Package: fontspec-xetex 2013/05/20 v2.3c Font selection for XeLaTeX and LuaLaTe
X

(/usr/share/texlive/texmf-dist/tex/latex/base/fontenc.sty
Package: fontenc 2005/09/27 v1.99g Standard LaTeX package

(/usr/share/texlive/texmf-dist/tex/latex/euenc/eu1enc.def
File: eu1enc.def 2010/05/27 v0.1h Experimental Unicode font encodings
)
LaTeX Font Info:    Try loading font information for EU1+lmr on input line 100.


(/usr/share/texlive/texmf-dist/tex/latex/euenc/eu1lmr.fd
File: eu1lmr.fd 2009/10/30 v1.6 Font defs for Latin Modern
))
(/usr/share/texlive/texmf-dist/tex/xelatex/xunicode/xunicode.sty
File: xunicode.sty 2011/09/09 v0.981 provides access to latin accents and many 
other characters in Unicode lower plane

(/usr/share/texlive/texmf-dist/tex/latex/tipa/t3enc.def
File: t3enc.def 2001/12/31 T3 encoding
LaTeX Font Info:    Try loading font information for EU1+lmss on input line 357
.

(/usr/share/texlive/texmf-dist/tex/latex/euenc/eu1lmss.fd
File: eu1lmss.fd 2009/10/30 v1.6 Font defs for Latin Modern
))
\tipaTiiicode=\count134
\tipasavetokens=\toks23
\tipachecktokens=\toks24
)
.................................................
. LaTeX info: "xparse/define-command"
. 
. Defining document command \fontspec with arg. spec. 'O{}m' on line 41.
.................................................
.................................................
. LaTeX info: "xparse/define-command"
. 
. Defining document command \setmainfont with arg. spec. 'O{}m' on line 46.
.................................................
.................................................
. LaTeX info: "xparse/define-command"
. 
. Defining document command \setsansfont with arg. spec. 'O{}m' on line 51.
.................................................
.................................................
. LaTeX info: "xparse/define-command"
. 
. Defining document command \setmonofont with arg. spec. 'O{}m' on line 56.
.................................................
.................................................
. LaTeX info: "xparse/define-command"
. 
. Defining document command \setmathrm with arg. spec. 'O{}m' on line 65.
.................................................
.................................................
. LaTeX info: "xparse/define-command"
. 
. Defining document command \setboldmathrm with arg. spec. 'O{}m' on line 69.
.................................................
.................................................
. LaTeX info: "xparse/define-command"
. 
. Defining document command \setmathsf with arg. spec. 'O{}m' on line 73.
.................................................
.................................................
. LaTeX info: "xparse/define-command"
. 
. Defining document command \setmathtt with arg. spec. 'O{}m' on line 77.
.................................................
.................................................
. LaTeX info: "xparse/define-command"
. 
. Defining document command \newfontfamily with arg. spec. 'mO{}m' on line 96.
.................................................
.................................................
. LaTeX info: "xparse/define-command"
. 
. Defining document command \newfontface with arg. spec. 'mO{}m' on line 100.
.................................................
.................................................
. LaTeX info: "xparse/define-command"
. 
. Defining document command \defaultfontfeatures with arg. spec. 'om' on line
. 108.
.................................................
.................................................
. LaTeX info: "xparse/define-command"
. 
. Defining document command \addfontfeatures with arg. spec. 'm' on line 144.
.................................................
.................................................
. LaTeX info: "xparse/define-command"
. 
. Defining document command \newfontfeature with arg. spec. 'mm' on line 156.
.................................................
.................................................
. LaTeX info: "xparse/define-command"
. 
. Defining document command \newAATfeature with arg. spec. 'mmmm' on line 164.
.................................................
.................................................
. LaTeX info: "xparse/define-command"
. 
. Defining document command \newICUfeature with arg. spec. 'mmm' on line 172.
.................................................
.................................................
. LaTeX info: "xparse/define-command"
. 
. Defining document command \aliasfontfeature with arg. spec. 'mm' on line
. 201.
.................................................
.................................................
. LaTeX info: "xparse/define-command"
. 
. Defining document command \aliasfontfeatureoption with arg. spec. 'mmm' on
. line 203.
.................................................
.................................................
. LaTeX info: "xparse/define-command"
. 
. Defining document command \newfontscript with arg. spec. 'mm' on line 208.
.................................................
.................................................
. LaTeX info: "xparse/define-command"
. 
. Defining document command \newfontlanguage with arg. spec. 'mm' on line 235.
.................................................
.................................................
. LaTeX info: "xparse/define-command"
. 
. Defining document command \DeclareFontsExtensions with arg. spec. 'm' on
. line 256.
.................................................
Variant \prop_gput:cnV already defined; not changing it on line 582
Variant \prop_gput:cnx already defined; not changing it on line 583
\l_fontspec_tmp_int=\count135
LaTeX Info: Redefining \itshape on input line 2087.
LaTeX Info: Redefining \slshape on input line 2092.
LaTeX Info: Redefining \scshape on input line 2097.
LaTeX Info: Redefining \upshape on input line 2102.

(/usr/share/texlive/texmf-dist/tex/latex/fontspec/fontspec.cfg)))
\g__file_internal_ior=\read1
Requested font "[LinLibertine_R.otf]/ICU" at 10.0pt
 -> /usr/share/texlive/texmf-dist/fonts/opentype/public/libertine/LinLibertine_
R.otf
\g_fontspec_family_LinLibertine_int=\count136
Requested font "[LinLibertine_RB.otf]/ICU" at 10.0pt
 -> /usr/share/texlive/texmf-dist/fonts/opentype/public/libertine/LinLibertine_
RB.otf
Requested font "[LinLibertine_RI.otf]/ICU" at 10.0pt
 -> /usr/share/texlive/texmf-dist/fonts/opentype/public/libertine/LinLibertine_
RI.otf
Requested font "[LinLibertine_RBI.otf]/ICU" at 10.0pt
 -> /usr/share/texlive/texmf-dist/fonts/opentype/public/libertine/LinLibertine_
RBI.otf
.................................................
. fontspec info: "defining-font"
. 
. Font family 'LinLibertine(0)' created for font 'LinLibertine' with options [
. Ligatures = TeX , Extension = .otf , SmallCapsFeatures={Letters=SmallCaps} ,
. , Numbers = {Monospaced,Lining}, UprightFont = *_R, ItalicFont = *_RI,
. BoldFont = *_RB, BoldItalicFont = *_RBI, ].
. 
. This font family consists of the following shapes:
. 
. * 'normal' with NFSS spec.:
. 
. <->"[LinLibertine_R.otf]/ICU:script=latn;language=DFLT;mapping=tex-text;+tnum
;+lnum;"
. 
. * 'small caps' with NFSS spec.:
. 
. <->"[LinLibertine_R.otf]/ICU:script=latn;language=DFLT;mapping=tex-text;+tnum
;+lnum;+smcp;+smcp;"
. 
. * 'bold' with NFSS spec.:
. 
. <->"[LinLibertine_RB.otf]/ICU:script=latn;language=DFLT;mapping=tex-text;+tnu
m;+lnum;"
. 
. * 'bold small caps' with NFSS spec.:
. 
. <->"[LinLibertine_RB.otf]/ICU:script=latn;language=DFLT;mapping=tex-text;+tnu
m;+lnum;+smcp;+smcp;"
. 
. * 'italic' with NFSS spec.:
. 
. <->"[LinLibertine_RI.otf]/ICU:script=latn;language=DFLT;mapping=tex-text;+tnu
m;+lnum;"
. 
. * 'italic small caps' with NFSS spec.:
. 
. <->"[LinLibertine_RI.otf]/ICU:script=latn;language=DFLT;mapping=tex-text;+tnu
m;+lnum;+smcp;+smcp;"
. 
. * 'bold italic' with NFSS spec.:
. 
. <->"[LinLibertine_RBI.otf]/ICU:script=latn;language=DFLT;mapping=tex-text;+tn
um;+lnum;"
. 
. * 'bold italic small caps' with NFSS spec.:
. 
. <->"[LinLibertine_RBI.otf]/ICU:script=latn;language=DFLT;mapping=tex-text;+tn
um;+lnum;+smcp;+smcp;"
.................................................
Requested font "[LinLibertine_R.otf]/ICU:script=latn;language=DFLT;mapping=tex-
text;+tnum;+lnum;" at 10.0pt
 -> /usr/share/texlive/texmf-dist/fonts/opentype/public/libertine/LinLibertine_
R.otf
Requested font "[LinBiolinum_R.otf]/ICU" at 10.0pt
 -> /usr/share/texlive/texmf-dist/fonts/opentype/public/libertine/LinBiolinum_R
.otf
\g_fontspec_family_LinBiolinum_int=\count137
Requested font "[LinBiolinum_RB.otf]/ICU" at 10.0pt
 -> /usr/share/texlive/texmf-dist/fonts/opentype/public/libertine/LinBiolinum_R
B.otf
Requested font "[LinBiolinum_RI.otf]/ICU" at 10.0pt
 -> /usr/share/texlive/texmf-dist/fonts/opentype/public/libertine/LinBiolinum_R
I.otf
Requested font "[LinBiolinum_RBO.otf]/ICU" at 10.0pt
 -> /usr/share/texlive/texmf-dist/fonts/opentype/public/libertine/LinBiolinum_R
BO.otf
.................................................
. fontspec info: "defining-font"
. 
. Font family 'LinBiolinum(0)' created for font 'LinBiolinum' with options [
. Ligatures = TeX , Extension = .otf , SmallCapsFeatures={Letters=SmallCaps} ,
. , Numbers = {Monospaced, } , Scale = 1, UprightFont = *_R , ItalicFont =
. *_RI , BoldFont = *_RB , BoldItalicFont = *_RBO , ].
. 
. This font family consists of the following shapes:
. 
. * 'normal' with NFSS spec.:
. 
. <->s*[1]"[LinBiolinum_R.otf]/ICU:script=latn;language=DFLT;mapping=tex-text;+
tnum;"
. 
. * 'small caps' with NFSS spec.:
. 
. <->s*[1]"[LinBiolinum_R.otf]/ICU:script=latn;language=DFLT;mapping=tex-text;+
tnum;+smcp;+smcp;"
. 
. * 'bold' with NFSS spec.:
. 
. <->s*[1]"[LinBiolinum_RB.otf]/ICU:script=latn;language=DFLT;mapping=tex-text;
+tnum;"
. 
. * 'bold small caps' with NFSS spec.:
. 
. <->s*[1]"[LinBiolinum_RB.otf]/ICU:script=latn;language=DFLT;mapping=tex-text;
+tnum;+smcp;+smcp;"
. 
. * 'italic' with NFSS spec.:
. 
. <->s*[1]"[LinBiolinum_RI.otf]/ICU:script=latn;language=DFLT;mapping=tex-text;
+tnum;"
. 
. * 'italic small caps' with NFSS spec.:
. 
. <->s*[1]"[LinBiolinum_RI.otf]/ICU:script=latn;language=DFLT;mapping=tex-text;
+tnum;+smcp;+smcp;"
. 
. * 'bold italic' with NFSS spec.:
. 
. <->s*[1]"[LinBiolinum_RBO.otf]/ICU:script=latn;language=DFLT;mapping=tex-text
;+tnum;"
. 
. * 'bold italic small caps' with NFSS spec.:
. 
. <->s*[1]"[LinBiolinum_RBO.otf]/ICU:script=latn;language=DFLT;mapping=tex-text
;+tnum;+smcp;+smcp;"
.................................................
.................................................
. fontspec info: "defining-font"
. 
. Font family 'LinLibertine(0)' created for font 'LinLibertine' with options [
. Ligatures = TeX , Extension = .otf , SmallCapsFeatures={Letters=SmallCaps} ,
. , Numbers = {Monospaced,Lining}, UprightFont = *_R, ItalicFont = *_RI,
. BoldFont = *_RB, BoldItalicFont = *_RBI, ].
. 
. This font family consists of the following shapes:
.................................................
Requested font "[LinLibertine_RZ.otf]/ICU" at 10.0pt
 -> /usr/share/texlive/texmf-dist/fonts/opentype/public/libertine/LinLibertine_
RZ.otf
Requested font "[LinLibertine_RZI.otf]/ICU" at 10.0pt
 -> /usr/share/texlive/texmf-dist/fonts/opentype/public/libertine/LinLibertine_
RZI.otf

*************************************************
* fontspec warning: "icu-feature-not-exist-in-font"
* 
* OpenType feature 'Numbers=Monospaced,Lining' (+tnum) not available for font
* 'LinLibertine_RZI' with script 'Latin' and language 'Default'.
*************************************************
*************************************************
* fontspec warning: "icu-feature-not-exist-in-font"
* 
* OpenType feature 'Numbers=Monospaced,Lining' (+tnum) not available for font
* 'LinLibertine_RZI' with script 'Latin' and language 'Default'.
*************************************************
.................................................
. fontspec info: "defining-font"
. 
. Font family 'LinLibertine(1)' created for font 'LinLibertine' with options [
. Ligatures = TeX , Extension = .otf , SmallCapsFeatures={Letters=SmallCaps} ,
. , Numbers = {Monospaced,Lining}, UprightFont = *_R, ItalicFont = *_RI,
. BoldFont = *_RZ, BoldItalicFont = *_RZI, ].
. 
. This font family consists of the following shapes:
. 
. * 'normal' with NFSS spec.:
. 
. <->"[LinLibertine_R.otf]/ICU:script=latn;language=DFLT;mapping=tex-text;+tnum
;+lnum;"
. 
. * 'small caps' with NFSS spec.:
. 
. <->"[LinLibertine_R.otf]/ICU:script=latn;language=DFLT;mapping=tex-text;+tnum
;+lnum;+smcp;+smcp;"
. 
. * 'bold' with NFSS spec.:
. 
. <->"[LinLibertine_RZ.otf]/ICU:script=latn;language=DFLT;mapping=tex-text;+tnu
m;+lnum;"
. 
. * 'bold small caps' with NFSS spec.:
. 
. <->"[LinLibertine_RZ.otf]/ICU:script=latn;language=DFLT;mapping=tex-text;+tnu
m;+lnum;+smcp;+smcp;"
. 
. * 'italic' with NFSS spec.:
. 
. <->"[LinLibertine_RI.otf]/ICU:script=latn;language=DFLT;mapping=tex-text;+tnu
m;+lnum;"
. 
. * 'italic small caps' with NFSS spec.:
. 
. <->"[LinLibertine_RI.otf]/ICU:script=latn;language=DFLT;mapping=tex-text;+tnu
m;+lnum;+smcp;+smcp;"
. 
. * 'bold italic' with NFSS spec.:
. 
. <->"[LinLibertine_RZI.otf]/ICU:script=latn;language=DFLT;mapping=tex-text;+ln
um;"
. 
. * 'bold italic small caps' with NFSS spec.:
. 
. <->"[LinLibertine_RZI.otf]/ICU:script=latn;language=DFLT;mapping=tex-text;+ln
um;+smcp;+smcp;"
.................................................
.................................................
. fontspec info: "defining-font"
. 
. Font family 'LinLibertine(2)' created for font 'LinLibertine' with options [
. Ligatures = TeX , Extension = .otf , SmallCapsFeatures={Letters=SmallCaps} ,
. , Numbers = {Monospaced,OldStyle}, UprightFont = *_R, ItalicFont = *_RI,
. BoldFont = *_RB, BoldItalicFont = *_RBI, ].
. 
. This font family consists of the following shapes:
. 
. * 'normal' with NFSS spec.:
. 
. <->"[LinLibertine_R.otf]/ICU:script=latn;language=DFLT;mapping=tex-text;+tnum
;+onum;"
. 
. * 'small caps' with NFSS spec.:
. 
. <->"[LinLibertine_R.otf]/ICU:script=latn;language=DFLT;mapping=tex-text;+tnum
;+onum;+smcp;+smcp;"
. 
. * 'bold' with NFSS spec.:
. 
. <->"[LinLibertine_RB.otf]/ICU:script=latn;language=DFLT;mapping=tex-text;+tnu
m;+onum;"
. 
. * 'bold small caps' with NFSS spec.:
. 
. <->"[LinLibertine_RB.otf]/ICU:script=latn;language=DFLT;mapping=tex-text;+tnu
m;+onum;+smcp;+smcp;"
. 
. * 'italic' with NFSS spec.:
. 
. <->"[LinLibertine_RI.otf]/ICU:script=latn;language=DFLT;mapping=tex-text;+tnu
m;+onum;"
. 
. * 'italic small caps' with NFSS spec.:
. 
. <->"[LinLibertine_RI.otf]/ICU:script=latn;language=DFLT;mapping=tex-text;+tnu
m;+onum;+smcp;+smcp;"
. 
. * 'bold italic' with NFSS spec.:
. 
. <->"[LinLibertine_RBI.otf]/ICU:script=latn;language=DFLT;mapping=tex-text;+tn
um;+onum;"
. 
. * 'bold italic small caps' with NFSS spec.:
. 
. <->"[LinLibertine_RBI.otf]/ICU:script=latn;language=DFLT;mapping=tex-text;+tn
um;+onum;+smcp;+smcp;"
.................................................
.................................................
. fontspec info: "defining-font"
. 
. Font family 'LinLibertine(0)' created for font 'LinLibertine' with options [
. Ligatures = TeX , Extension = .otf , SmallCapsFeatures={Letters=SmallCaps} ,
. , Numbers = {Monospaced,Lining}, UprightFont = *_R, ItalicFont = *_RI,
. BoldFont = *_RB, BoldItalicFont = *_RBI, ].
. 
. This font family consists of the following shapes:
.................................................
Requested font "[LinLibertine_DR.otf]/ICU" at 10.0pt
 -> /usr/share/texlive/texmf-dist/fonts/opentype/public/libertine/LinLibertine_
DR.otf
.................................................
. fontspec info: "defining-font"
. 
. Font family 'LinLibertine(3)' created for font 'LinLibertine' with options [
. Ligatures = TeX , Extension = .otf , SmallCapsFeatures={Letters=SmallCaps} ,
. , Numbers = {Monospaced,Lining}, UprightFont = *_DR, ItalicFont = *_RI,
. BoldFont = *_RB, BoldItalicFont = *_RBI, ].
. 
. This font family consists of the following shapes:
. 
. * 'normal' with NFSS spec.:
. 
. <->"[LinLibertine_DR.otf]/ICU:script=latn;language=DFLT;mapping=tex-text;+tnu
m;+lnum;"
. 
. * 'bold' with NFSS spec.:
. 
. <->"[LinLibertine_RB.otf]/ICU:script=latn;language=DFLT;mapping=tex-text;+tnu
m;+lnum;"
. 
. * 'bold small caps' with NFSS spec.:
. 
. <->"[LinLibertine_RB.otf]/ICU:script=latn;language=DFLT;mapping=tex-text;+tnu
m;+lnum;+smcp;+smcp;"
. 
. * 'italic' with NFSS spec.:
. 
. <->"[LinLibertine_RI.otf]/ICU:script=latn;language=DFLT;mapping=tex-text;+tnu
m;+lnum;"
. 
. * 'italic small caps' with NFSS spec.:
. 
. <->"[LinLibertine_RI.otf]/ICU:script=latn;language=DFLT;mapping=tex-text;+tnu
m;+lnum;+smcp;+smcp;"
. 
. * 'bold italic' with NFSS spec.:
. 
. <->"[LinLibertine_RBI.otf]/ICU:script=latn;language=DFLT;mapping=tex-text;+tn
um;+lnum;"
. 
. * 'bold italic small caps' with NFSS spec.:
. 
. <->"[LinLibertine_RBI.otf]/ICU:script=latn;language=DFLT;mapping=tex-text;+tn
um;+lnum;+smcp;+smcp;"
.................................................
.................................................
. fontspec info: "defining-font"
. 
. Font family 'LinBiolinum(0)' created for font 'LinBiolinum' with options [
. Ligatures = TeX , Extension = .otf , SmallCapsFeatures={Letters=SmallCaps} ,
. , Numbers = {Monospaced, } , Scale = 1, UprightFont = *_R , ItalicFont =
. *_RI , BoldFont = *_RB , BoldItalicFont = *_RBO, ].
. 
. This font family consists of the following shapes:
.................................................
.................................................
. fontspec info: "defining-font"
. 
. Font family 'LinBiolinum(1)' created for font 'LinBiolinum' with options [
. Ligatures = TeX , Extension = .otf , SmallCapsFeatures={Letters=SmallCaps} ,
. , Numbers = {Monospaced, OldStyle} , Scale = 1, UprightFont = *_R ,
. ItalicFont = *_RI , BoldFont = *_RB , BoldItalicFont = *_RBO , ].
. 
. This font family consists of the following shapes:
. 
. * 'normal' with NFSS spec.:
. 
. <->s*[1]"[LinBiolinum_R.otf]/ICU:script=latn;language=DFLT;mapping=tex-text;+
tnum;+onum;"
. 
. * 'small caps' with NFSS spec.:
. 
. <->s*[1]"[LinBiolinum_R.otf]/ICU:script=latn;language=DFLT;mapping=tex-text;+
tnum;+onum;+smcp;+smcp;"
. 
. * 'bold' with NFSS spec.:
. 
. <->s*[1]"[LinBiolinum_RB.otf]/ICU:script=latn;language=DFLT;mapping=tex-text;
+tnum;+onum;"
. 
. * 'bold small caps' with NFSS spec.:
. 
. <->s*[1]"[LinBiolinum_RB.otf]/ICU:script=latn;language=DFLT;mapping=tex-text;
+tnum;+onum;+smcp;+smcp;"
. 
. * 'italic' with NFSS spec.:
. 
. <->s*[1]"[LinBiolinum_RI.otf]/ICU:script=latn;language=DFLT;mapping=tex-text;
+tnum;+onum;"
. 
. * 'italic small caps' with NFSS spec.:
. 
. <->s*[1]"[LinBiolinum_RI.otf]/ICU:script=latn;language=DFLT;mapping=tex-text;
+tnum;+onum;+smcp;+smcp;"
. 
. * 'bold italic' with NFSS spec.:
. 
. <->s*[1]"[LinBiolinum_RBO.otf]/ICU:script=latn;language=DFLT;mapping=tex-text
;+tnum;+onum;"
. 
. * 'bold italic small caps' with NFSS spec.:
. 
. <->s*[1]"[LinBiolinum_RBO.otf]/ICU:script=latn;language=DFLT;mapping=tex-text
;+tnum;+onum;+smcp;+smcp;"
.................................................
.................................................
. fontspec info: "defining-font"
. 
. Font family 'LinBiolinum(0)' created for font 'LinBiolinum' with options [
. Ligatures = TeX , Extension = .otf , SmallCapsFeatures={Letters=SmallCaps} ,
. , Numbers = {Monospaced} , Scale = 1, UprightFont = *_R , ItalicFont = *_RI
. , BoldFont = *_RB , BoldItalicFont = *_RBO , ].
. 
. This font family consists of the following shapes:
.................................................
Requested font "[LinLibertine_M.otf]/ICU" at 10.0pt
 -> /usr/share/texlive/texmf-dist/fonts/opentype/public/libertine/LinLibertine_
M.otf
Requested font "[LinLibertine_MB.otf]/ICU" at 10.0pt
 -> /usr/share/texlive/texmf-dist/fonts/opentype/public/libertine/LinLibertine_
MB.otf
Requested font "[LinLibertine_MO.otf]/ICU" at 10.0pt
 -> /usr/share/texlive/texmf-dist/fonts/opentype/public/libertine/LinLibertine_
MO.otf
Requested font "[LinLibertine_MBO.otf]/ICU" at 10.0pt
 -> /usr/share/texlive/texmf-dist/fonts/opentype/public/libertine/LinLibertine_
MBO.otf
.................................................
. fontspec info: "defining-font"
. 
. Font family 'LinLibertine(4)' created for font 'LinLibertine' with options [
. Extension = .otf , Scale = 1, UprightFont = *_M, ItalicFont = *_MO, BoldFont
. = *_MB, BoldItalicFont = *_MBO, ].
. 
. This font family consists of the following shapes:
. 
. * 'normal' with NFSS spec.:
. <->s*[1]"[LinLibertine_M.otf]/ICU:script=latn;language=DFLT;"
. 
. * 'bold' with NFSS spec.:
. <->s*[1]"[LinLibertine_MB.otf]/ICU:script=latn;language=DFLT;"
. 
. * 'italic' with NFSS spec.:
. <->s*[1]"[LinLibertine_MO.otf]/ICU:script=latn;language=DFLT;"
. 
. * 'bold italic' with NFSS spec.:
. <->s*[1]"[LinLibertine_MBO.otf]/ICU:script=latn;language=DFLT;"
.................................................
.................................................
. fontspec info: "defining-font"
. 
. Font family 'LinLibertine(4)' created for font 'LinLibertine' with options [
. Extension = .otf , Scale = 1, UprightFont = *_M, ItalicFont = *_MO, BoldFont
. = *_MB, BoldItalicFont = *_MBO, ].
. 
. This font family consists of the following shapes:
.................................................
Requested font "[LinBiolinum_K.otf]/ICU" at 10.0pt
 -> /usr/share/texlive/texmf-dist/fonts/opentype/public/libertine/LinBiolinum_K
.otf
\g_fontspec_family_LinBiolinum_K_int=\count138
.................................................
. fontspec info: "defining-font"
. 
. Font family 'LinBiolinum_K(0)' created for font 'LinBiolinum_K' with options
. [ Extension = .otf ,BoldFont={},ItalicFont={},SmallCapsFont={},].
. 
. This font family consists of the following shapes:
. 
. * 'normal' with NFSS spec.:
. <->"[LinBiolinum_K.otf]/ICU:script=latn;language=DFLT;"
.................................................
Requested font "[LinLibertine_I.otf]/ICU" at 10.0pt
 -> /usr/share/texlive/texmf-dist/fonts/opentype/public/libertine/LinLibertine_
I.otf
\g_fontspec_family_LinLibertine_I_int=\count139
.................................................
. fontspec info: "defining-font"
. 
. Font family 'LinLibertine_I(0)' created for font 'LinLibertine_I' with
. options [ Extension = .otf ,BoldFont={},ItalicFont={},SmallCapsFont={},].
. 
. This font family consists of the following shapes:
. 
. * 'normal' with NFSS spec.:
. <->"[LinLibertine_I.otf]/ICU:script=latn;language=DFLT;"
.................................................
LaTeX Info: Redefining \oldstylenums on input line 457.
LaTeX Info: Redefining \liningnums on input line 458.
.................................................
. fontspec info: "defining-font"
. 
. Font family 'LinLibertine(5)' created for font 'LinLibertine' with options [
. Extension = .otf , Numbers = {Monospaced,Lining}, UprightFont = *_R,
. ItalicFont = *_RI, BoldFont = *_RB, BoldItalicFont = *_RBI , ].
. 
. This font family consists of the following shapes:
. 
. * 'normal' with NFSS spec.:
. <->"[LinLibertine_R.otf]/ICU:script=latn;language=DFLT;+tnum;+lnum;"
. 
. * 'small caps' with NFSS spec.:
. <->"[LinLibertine_R.otf]/ICU:script=latn;language=DFLT;+tnum;+lnum;+smcp;"
. 
. * 'bold' with NFSS spec.:
. <->"[LinLibertine_RB.otf]/ICU:script=latn;language=DFLT;+tnum;+lnum;"
. 
. * 'bold small caps' with NFSS spec.:
. <->"[LinLibertine_RB.otf]/ICU:script=latn;language=DFLT;+tnum;+lnum;+smcp;"
. 
. * 'italic' with NFSS spec.:
. <->"[LinLibertine_RI.otf]/ICU:script=latn;language=DFLT;+tnum;+lnum;"
. 
. * 'italic small caps' with NFSS spec.:
. <->"[LinLibertine_RI.otf]/ICU:script=latn;language=DFLT;+tnum;+lnum;+smcp;"
. 
. * 'bold italic' with NFSS spec.:
. <->"[LinLibertine_RBI.otf]/ICU:script=latn;language=DFLT;+tnum;+lnum;"
. 
. * 'bold italic small caps' with NFSS spec.:
. 
. <->"[LinLibertine_RBI.otf]/ICU:script=latn;language=DFLT;+tnum;+lnum;+smcp;"
.................................................
.................................................
. fontspec info: "defining-font"
. 
. Font family 'LinLibertine(6)' created for font 'LinLibertine' with options [
. Extension = .otf , Numbers = {Proportional,Lining}, UprightFont = *_R,
. ItalicFont = *_RI, BoldFont = *_RB, BoldItalicFont = *_RBI, ].
. 
. This font family consists of the following shapes:
. 
. * 'normal' with NFSS spec.:
. <->"[LinLibertine_R.otf]/ICU:script=latn;language=DFLT;+pnum;+lnum;"
. 
. * 'small caps' with NFSS spec.:
. <->"[LinLibertine_R.otf]/ICU:script=latn;language=DFLT;+pnum;+lnum;+smcp;"
. 
. * 'bold' with NFSS spec.:
. <->"[LinLibertine_RB.otf]/ICU:script=latn;language=DFLT;+pnum;+lnum;"
. 
. * 'bold small caps' with NFSS spec.:
. <->"[LinLibertine_RB.otf]/ICU:script=latn;language=DFLT;+pnum;+lnum;+smcp;"
. 
. * 'italic' with NFSS spec.:
. <->"[LinLibertine_RI.otf]/ICU:script=latn;language=DFLT;+pnum;+lnum;"
. 
. * 'italic small caps' with NFSS spec.:
. <->"[LinLibertine_RI.otf]/ICU:script=latn;language=DFLT;+pnum;+lnum;+smcp;"
. 
. * 'bold italic' with NFSS spec.:
. <->"[LinLibertine_RBI.otf]/ICU:script=latn;language=DFLT;+pnum;+lnum;"
. 
. * 'bold italic small caps' with NFSS spec.:
. 
. <->"[LinLibertine_RBI.otf]/ICU:script=latn;language=DFLT;+pnum;+lnum;+smcp;"
.................................................
.................................................
. fontspec info: "defining-font"
. 
. Font family 'LinBiolinum(2)' created for font 'LinBiolinum' with options [
. Extension = .otf , Numbers = {Monospaced,}, Scale = 1, UprightFont = *_R,
. ItalicFont = *_RI, BoldFont = *_RB, BoldItalicFont = *_RBO , ].
. 
. This font family consists of the following shapes:
. 
. * 'normal' with NFSS spec.:
. <->s*[1]"[LinBiolinum_R.otf]/ICU:script=latn;language=DFLT;+tnum;"
. 
. * 'small caps' with NFSS spec.:
. <->s*[1]"[LinBiolinum_R.otf]/ICU:script=latn;language=DFLT;+tnum;+smcp;"
. 
. * 'bold' with NFSS spec.:
. <->s*[1]"[LinBiolinum_RB.otf]/ICU:script=latn;language=DFLT;+tnum;"
. 
. * 'bold small caps' with NFSS spec.:
. <->s*[1]"[LinBiolinum_RB.otf]/ICU:script=latn;language=DFLT;+tnum;+smcp;"
. 
. * 'italic' with NFSS spec.:
. <->s*[1]"[LinBiolinum_RI.otf]/ICU:script=latn;language=DFLT;+tnum;"
. 
. * 'italic small caps' with NFSS spec.:
. <->s*[1]"[LinBiolinum_RI.otf]/ICU:script=latn;language=DFLT;+tnum;+smcp;"
. 
. * 'bold italic' with NFSS spec.:
. <->s*[1]"[LinBiolinum_RBO.otf]/ICU:script=latn;language=DFLT;+tnum;"
. 
. * 'bold italic small caps' with NFSS spec.:
. <->s*[1]"[LinBiolinum_RBO.otf]/ICU:script=latn;language=DFLT;+tnum;+smcp;"
.................................................
.................................................
. fontspec info: "defining-font"
. 
. Font family 'LinBiolinum(3)' created for font 'LinBiolinum' with options [
. Extension = .otf , Numbers = {Proportional,}, Scale = 1, UprightFont = *_R,
. ItalicFont = *_RI, BoldFont = *_RB, BoldItalicFont = *_RBO , ].
. 
. This font family consists of the following shapes:
. 
. * 'normal' with NFSS spec.:
. <->s*[1]"[LinBiolinum_R.otf]/ICU:script=latn;language=DFLT;+pnum;"
. 
. * 'small caps' with NFSS spec.:
. <->s*[1]"[LinBiolinum_R.otf]/ICU:script=latn;language=DFLT;+pnum;+smcp;"
. 
. * 'bold' with NFSS spec.:
. <->s*[1]"[LinBiolinum_RB.otf]/ICU:script=latn;language=DFLT;+pnum;"
. 
. * 'bold small caps' with NFSS spec.:
. <->s*[1]"[LinBiolinum_RB.otf]/ICU:script=latn;language=DFLT;+pnum;+smcp;"
. 
. * 'italic' with NFSS spec.:
. <->s*[1]"[LinBiolinum_RI.otf]/ICU:script=latn;language=DFLT;+pnum;"
. 
. * 'italic small caps' with NFSS spec.:
. <->s*[1]"[LinBiolinum_RI.otf]/ICU:script=latn;language=DFLT;+pnum;+smcp;"
. 
. * 'bold italic' with NFSS spec.:
. <->s*[1]"[LinBiolinum_RBO.otf]/ICU:script=latn;language=DFLT;+pnum;"
. 
. * 'bold italic small caps' with NFSS spec.:
. <->s*[1]"[LinBiolinum_RBO.otf]/ICU:script=latn;language=DFLT;+pnum;+smcp;"
.................................................
(/usr/share/texlive/texmf-dist/tex/latex/libertine/LinLibertine_R.tex)
(/usr/share/texlive/texmf-dist/tex/latex/libertine/LinBiolinum_R.tex)
(/usr/share/texlive/texmf-dist/tex/latex/libertine/LinBiolinum_K.tex)
(/usr/share/texlive/texmf-dist/tex/latex/libertine/LinLibertine_I.tex)
(/usr/share/texlive/texmf-dist/tex/latex/libertine/LKey.tex))
(/usr/share/texlive/texmf-dist/tex/latex/unicode-math/unicode-math.sty
Package: unicode-math 2013/05/04 v0.7e Unicode maths in XeLaTeX and LuaLaTeX

(/usr/share/texlive/texmf-dist/tex/latex/l3packages/l3keys2e/l3keys2e.sty
Package: l3keys2e 2013/12/31 v4634 LaTeX2e option processing using LaTeX3 keys
)
(/usr/share/texlive/texmf-dist/tex/generic/oberdiek/catchfile.sty
Package: catchfile 2011/03/01 v1.6 Catch the contents of a file (HO)

(/usr/share/texlive/texmf-dist/tex/generic/oberdiek/infwarerr.sty
Package: infwarerr 2010/04/08 v1.3 Providing info/warning/error messages (HO)
)
(/usr/share/texlive/texmf-dist/tex/generic/oberdiek/ltxcmds.sty
Package: ltxcmds 2011/11/09 v1.22 LaTeX kernel commands for general use (HO)
)
(/usr/share/texlive/texmf-dist/tex/generic/oberdiek/etexcmds.sty
Package: etexcmds 2011/02/16 v1.5 Avoid name clashes with e-TeX commands (HO)
Package etexcmds Info: Could not find \expanded.
(etexcmds)             That can mean that you are not using pdfTeX 1.50 or
(etexcmds)             that some package has redefined \expanded.
(etexcmds)             In the latter case, load this package earlier.
))
(/usr/share/texlive/texmf-dist/tex/latex/base/fix-cm.sty
Package: fix-cm 2006/09/13 v1.1m fixes to LaTeX

(/usr/share/texlive/texmf-dist/tex/latex/base/ts1enc.def
File: ts1enc.def 2001/06/05 v3.0e (jk/car/fm) Standard LaTeX file
LaTeX Font Info:    Redeclaring font encoding TS1 on input line 42.
))
(/usr/share/texlive/texmf-dist/tex/latex/filehook/filehook.sty
Package: filehook 2011/10/12 v0.5d Hooks for input files
)
Variant \tl_put_right:cx already defined; not changing it on line 50
Variant \seq_if_in:NVTF already defined; not changing it on line 51
\g_um_fam_int=\count140
.................................................
. LaTeX info: "xparse/define-command"
. 
. Defining document command \unimathsetup with arg. spec. 'm' on line 108.
.................................................

(/usr/share/texlive/texmf-dist/tex/latex/unicode-math/unicode-math-xetex.sty
.................................................
. LaTeX info: "xparse/define-command"
. 
. Defining document command \setmathfont with arg. spec. 'O{}m' on line 439.
.................................................
.................................................
. LaTeX info: "xparse/define-command"
. 
. Defining document command \addnolimits with arg. spec. 'm' on line 636.
.................................................
.................................................
. LaTeX info: "xparse/define-command"
. 
. Defining document command \removenolimits with arg. spec. 'm' on line 639.
.................................................

(/usr/share/texlive/texmf-dist/tex/latex/unicode-math/unicode-math-table.tex)
\g_um_primekern_muskip=\muskip17
\l_um_primecount_int=\count141
.................................................
. unicode-math info: "patch-macro"
. 
. I'm going to patch macro \subarray.
.................................................
.................................................
. unicode-math info: "patch-macro"
. 
. I'm going to patch macro \r@@t.
.................................................
)) (/usr/share/texlive/texmf-dist/tex/latex/lipsum/lipsum.sty
Package: lipsum 2011/04/14 v1.2 150 paragraphs of Lorem Ipsum dummy text
\c@lips@count=\count142
)
(/usr/share/texlive/texmf-dist/tex/latex/natbib/natbib.sty
Package: natbib 2010/09/13 8.31b (PWD, AO)
\bibhang=\skip52
\bibsep=\skip53
LaTeX Info: Redefining \cite on input line 694.
\c@NAT@ctr=\count143
)
(/usr/share/texlive/texmf-dist/tex/latex/polyglossia/polyglossia.sty
Package: polyglossia 2013/06/27 v1.33.4 Babel replacement for XeLaTeX and LuaTe
X

(/usr/share/texlive/texmf-dist/tex/latex/etoolbox/etoolbox.sty
Package: etoolbox 2011/01/03 v2.1 e-TeX tools for LaTeX
\etb@tempcnta=\count144
)
(/usr/share/texlive/texmf-dist/tex/latex/makecmds/makecmds.sty
Package: makecmds 2009/09/03 v1.0a extra command making commands
)
\xpg@normalclass=\XeTeXintercharclass4
)
(/usr/share/texlive/texmf-dist/tex/latex/polyglossia/gloss-spanish.ldf
File: gloss-spanish.ldf polyglossia: module for spanish
)
Package polyglossia Info: Default language is spanish.

(./CBFT.estilo.sty
(/usr/share/texlive/texmf-dist/tex/latex/geometry/geometry.sty
Package: geometry 2010/09/12 v5.6 Page Geometry

(/usr/share/texlive/texmf-dist/tex/generic/oberdiek/ifvtex.sty
Package: ifvtex 2010/03/01 v1.5 Detect VTeX and its facilities (HO)
Package ifvtex Info: VTeX not detected.
)
\Gm@cnth=\count145
\Gm@cntv=\count146
\c@Gm@tempcnt=\count147
\Gm@bindingoffset=\dimen148
\Gm@wd@mp=\dimen149
\Gm@odd@mp=\dimen150
\Gm@even@mp=\dimen151
\Gm@layoutwidth=\dimen152
\Gm@layoutheight=\dimen153
\Gm@layouthoffset=\dimen154
\Gm@layoutvoffset=\dimen155
\Gm@dimlist=\toks25
)
(/usr/share/texlive/texmf-dist/tex/latex/marginnote/marginnote.sty
Package: marginnote 2012/03/29 v1.1i non floating margin notes for LaTeX
\c@mn@abspage=\count148
)
(/usr/share/texlive/texmf-dist/tex/latex/caption/caption.sty
Package: caption 2013/05/02 v3.3-89 Customizing captions (AR)

(/usr/share/texlive/texmf-dist/tex/latex/caption/caption3.sty
Package: caption3 2013/05/02 v1.6-88 caption3 kernel (AR)
Package caption3 Info: TeX engine: e-TeX on input line 57.
\captionmargin=\dimen156
\captionmargin@=\dimen157
\captionwidth=\dimen158
\caption@tempdima=\dimen159
\caption@indent=\dimen160
\caption@parindent=\dimen161
\caption@hangindent=\dimen162
)
\c@ContinuedFloat=\count149
)
(/usr/share/texlive/texmf-dist/tex/latex/tocloft/tocloft.sty
Package: tocloft 2013/05/02 v2.3f parameterised ToC, etc., typesetting
Package tocloft Info: The document has section divisions on input line 44.
\cftparskip=\skip54
\cftbeforetoctitleskip=\skip55
\cftaftertoctitleskip=\skip56
\cftbeforepartskip=\skip57
\cftpartnumwidth=\skip58
\cftpartindent=\skip59
\cftbeforesecskip=\skip60
\cftsecindent=\skip61
\cftsecnumwidth=\skip62
\cftbeforesubsecskip=\skip63
\cftsubsecindent=\skip64
\cftsubsecnumwidth=\skip65
\cftbeforesubsubsecskip=\skip66
\cftsubsubsecindent=\skip67
\cftsubsubsecnumwidth=\skip68
\cftbeforeparaskip=\skip69
\cftparaindent=\skip70
\cftparanumwidth=\skip71
\cftbeforesubparaskip=\skip72
\cftsubparaindent=\skip73
\cftsubparanumwidth=\skip74
\cftbeforeloftitleskip=\skip75
\cftafterloftitleskip=\skip76
\cftbeforefigskip=\skip77
\cftfigindent=\skip78
\cftfignumwidth=\skip79
\c@lofdepth=\count150
\c@lotdepth=\count151
\cftbeforelottitleskip=\skip80
\cftafterlottitleskip=\skip81
\cftbeforetabskip=\skip82
\cfttabindent=\skip83
\cfttabnumwidth=\skip84
)
\c@problemas_count=\count152
\c@notas_contador=\count153
\c@ejscount=\count154
) (./MC.c5.aux)
\openout1 = `MC.c5.aux'.

LaTeX Font Info:    Checking defaults for OML/cmm/m/it on input line 32.
LaTeX Font Info:    ... okay on input line 32.
LaTeX Font Info:    Checking defaults for T1/cmr/m/n on input line 32.
LaTeX Font Info:    ... okay on input line 32.
LaTeX Font Info:    Checking defaults for OT1/cmr/m/n on input line 32.
LaTeX Font Info:    ... okay on input line 32.
LaTeX Font Info:    Checking defaults for OMS/cmsy/m/n on input line 32.
LaTeX Font Info:    ... okay on input line 32.
LaTeX Font Info:    Checking defaults for OMX/cmex/m/n on input line 32.
LaTeX Font Info:    ... okay on input line 32.
LaTeX Font Info:    Checking defaults for U/cmr/m/n on input line 32.
LaTeX Font Info:    ... okay on input line 32.
LaTeX Font Info:    Checking defaults for TS1/cmr/m/n on input line 32.
LaTeX Font Info:    ... okay on input line 32.
LaTeX Font Info:    Checking defaults for EU1/lmr/m/n on input line 32.
LaTeX Font Info:    ... okay on input line 32.
LaTeX Font Info:    Checking defaults for T3/cmr/m/n on input line 32.
LaTeX Font Info:    Try loading font information for T3+cmr on input line 32.

(/usr/share/texlive/texmf-dist/tex/latex/tipa/t3cmr.fd
File: t3cmr.fd 2001/12/31 TIPA font definitions
)
LaTeX Font Info:    ... okay on input line 32.
Requested font "[latinmodern-math.otf]/ICU" at 10.0pt
 -> /usr/share/texlive/texmf-dist/fonts/opentype/public/lm-math/latinmodern-mat
h.otf
\g_fontspec_family_latinmodern-math.otf_int=\count155
.................................................
. fontspec info: "defining-font"
. 
. Font family 'latinmodern-math.otf(0)' created for font
. 'latinmodern-math.otf' with options
. [,BoldItalicFont={},ItalicFont={},Script=Math,SizeFeatures={{Size=10-},{Size=
7-10,Font=latinmodern-math.otf,Style=MathScript},{Size=-7,Font=latinmodern-math
.otf,Style=MathScriptScript}},BoldFont={latinmodern-math.otf}].
. 
. This font family consists of the following shapes:
. 
. * 'normal' with NFSS spec.:
. 
. <10->"[latinmodern-math.otf]/ICU:script=math;language=DFLT;"<7-10>"[latinmode
rn-math.otf]/ICU:script=math;language=DFLT;+ssty=0;"<-7>"[latinmodern-math.otf]
/ICU:script=math;language=DFLT;+ssty=1;"
. 
. * 'bold' with NFSS spec.:
. 
. <10->"[latinmodern-math.otf]/ICU:script=math;language=DFLT;"<7-10>"[latinmode
rn-math.otf]/ICU:script=math;language=DFLT;+ssty=0;"<-7>"[latinmodern-math.otf]
/ICU:script=math;language=DFLT;+ssty=1;"
.................................................
Requested font "[latinmodern-math.otf]/ICU:script=math;language=DFLT;" at 10.0p
t
 -> /usr/share/texlive/texmf-dist/fonts/opentype/public/lm-math/latinmodern-mat
h.otf
LaTeX Font Info:    Encoding `OT1' has changed to `EU1' for symbol font
(Font)              `operators' in the math version `normal' on input line 32.
LaTeX Font Info:    Overwriting symbol font `operators' in version `normal'
(Font)                  OT1/cmr/m/n --> EU1/latinmodern-math.otf(0)/m/n on inpu
t line 32.
LaTeX Font Info:    Encoding `OT1' has changed to `EU1' for symbol font
(Font)              `operators' in the math version `bold' on input line 32.
LaTeX Font Info:    Overwriting symbol font `operators' in version `bold'
(Font)                  OT1/cmr/bx/n --> EU1/latinmodern-math.otf(0)/bx/n on in
put line 32.
.................................................
. fontspec info: "defining-font"
. 
. Font family 'latinmodern-math.otf(1)' created for font
. 'latinmodern-math.otf' with options
. [,BoldItalicFont={},ItalicFont={},Script=Math,SizeFeatures={{Size=10-},{Size=
7-10,Font=latinmodern-math.otf,Style=MathScript},{Size=-7,Font=latinmodern-math
.otf,Style=MathScriptScript}},BoldFont={latinmodern-math.otf},Scale=1.00001,Fon
tAdjustment={\fontdimen
. 8\font =6.77pt\relax \relax \fontdimen 9\font =3.94pt\relax \relax
. \fontdimen 10\font =4.44pt\relax \relax \fontdimen 11\font =6.86pt\relax
. \relax \fontdimen 12\font =3.45pt\relax \relax \fontdimen 13\font
. =3.63pt\relax \relax \fontdimen 14\font =3.63pt\relax \relax \fontdimen
. 15\font =2.89pt\relax \relax \fontdimen 16\font =2.47pt\relax \relax
. \fontdimen 17\font =2.47pt\relax \relax \fontdimen 18\font =2.5pt\relax
. \relax \fontdimen 19\font =2.0pt\relax \relax \fontdimen 20\font =0pt\relax
. \fontdimen 21\font =0pt\relax \fontdimen 22\font =2.5pt\relax \relax }].
. 
. This font family consists of the following shapes:
. 
. * 'normal' with NFSS spec.:
. 
. <10->s*[1.00001]"[latinmodern-math.otf]/ICU:script=math;language=DFLT;"<7-10>
s*[1.00001]"[latinmodern-math.otf]/ICU:script=math;language=DFLT;+ssty=0;"<-7>s
*[1.00001]"[latinmodern-math.otf]/ICU:script=math;language=DFLT;+ssty=1;"
. and font adjustment code:
. \fontdimen 8\font =6.77pt\relax \relax \fontdimen 9\font =3.94pt\relax
. \relax \fontdimen 10\font =4.44pt\relax \relax \fontdimen 11\font
. =6.86pt\relax \relax \fontdimen 12\font =3.45pt\relax \relax \fontdimen
. 13\font =3.63pt\relax \relax \fontdimen 14\font =3.63pt\relax \relax
. \fontdimen 15\font =2.89pt\relax \relax \fontdimen 16\font =2.47pt\relax
. \relax \fontdimen 17\font =2.47pt\relax \relax \fontdimen 18\font
. =2.5pt\relax \relax \fontdimen 19\font =2.0pt\relax \relax \fontdimen
. 20\font =0pt\relax \fontdimen 21\font =0pt\relax \fontdimen 22\font
. =2.5pt\relax \relax 
. 
. * 'bold' with NFSS spec.:
. 
. <10->s*[1.00001]"[latinmodern-math.otf]/ICU:script=math;language=DFLT;"<7-10>
s*[1.00001]"[latinmodern-math.otf]/ICU:script=math;language=DFLT;+ssty=0;"<-7>s
*[1.00001]"[latinmodern-math.otf]/ICU:script=math;language=DFLT;+ssty=1;"
. and font adjustment code:
. \fontdimen 8\font =6.77pt\relax \relax \fontdimen 9\font =3.94pt\relax
. \relax \fontdimen 10\font =4.44pt\relax \relax \fontdimen 11\font
. =6.86pt\relax \relax \fontdimen 12\font =3.45pt\relax \relax \fontdimen
. 13\font =3.63pt\relax \relax \fontdimen 14\font =3.63pt\relax \relax
. \fontdimen 15\font =2.89pt\relax \relax \fontdimen 16\font =2.47pt\relax
. \relax \fontdimen 17\font =2.47pt\relax \relax \fontdimen 18\font
. =2.5pt\relax \relax \fontdimen 19\font =2.0pt\relax \relax \fontdimen
. 20\font =0pt\relax \fontdimen 21\font =0pt\relax \fontdimen 22\font
. =2.5pt\relax \relax 
.................................................
LaTeX Font Info:    Encoding `OMS' has changed to `EU1' for symbol font
(Font)              `symbols' in the math version `normal' on input line 32.
LaTeX Font Info:    Overwriting symbol font `symbols' in version `normal'
(Font)                  OMS/cmsy/m/n --> EU1/latinmodern-math.otf(1)/m/n on inp
ut line 32.
LaTeX Font Info:    Encoding `OMS' has changed to `EU1' for symbol font
(Font)              `symbols' in the math version `bold' on input line 32.
LaTeX Font Info:    Overwriting symbol font `symbols' in version `bold'
(Font)                  OMS/cmsy/b/n --> EU1/latinmodern-math.otf(1)/bx/n on in
put line 32.
.................................................
. fontspec info: "defining-font"
. 
. Font family 'latinmodern-math.otf(2)' created for font
. 'latinmodern-math.otf' with options
. [,BoldItalicFont={},ItalicFont={},Script=Math,SizeFeatures={{Size=10-},{Size=
7-10,Font=latinmodern-math.otf,Style=MathScript},{Size=-7,Font=latinmodern-math
.otf,Style=MathScriptScript}},BoldFont={latinmodern-math.otf},Scale=0.99999,Fon
tAdjustment={\fontdimen
. 8\font =0.4pt\relax \relax \fontdimen 9\font =2.0pt\relax \relax \fontdimen
. 10\font =1.67pt\relax \relax \fontdimen 11\font =1.11pt\relax \relax
. \fontdimen 12\font =6.0pt\relax \relax \fontdimen 13\font =0pt\relax }].
. 
. This font family consists of the following shapes:
. 
. * 'normal' with NFSS spec.:
. 
. <10->s*[0.99999]"[latinmodern-math.otf]/ICU:script=math;language=DFLT;"<7-10>
s*[0.99999]"[latinmodern-math.otf]/ICU:script=math;language=DFLT;+ssty=0;"<-7>s
*[0.99999]"[latinmodern-math.otf]/ICU:script=math;language=DFLT;+ssty=1;"
. and font adjustment code:
. \fontdimen 8\font =0.4pt\relax \relax \fontdimen 9\font =2.0pt\relax \relax
. \fontdimen 10\font =1.67pt\relax \relax \fontdimen 11\font =1.11pt\relax
. \relax \fontdimen 12\font =6.0pt\relax \relax \fontdimen 13\font =0pt\relax 
. 
. * 'bold' with NFSS spec.:
. 
. <10->s*[0.99999]"[latinmodern-math.otf]/ICU:script=math;language=DFLT;"<7-10>
s*[0.99999]"[latinmodern-math.otf]/ICU:script=math;language=DFLT;+ssty=0;"<-7>s
*[0.99999]"[latinmodern-math.otf]/ICU:script=math;language=DFLT;+ssty=1;"
. and font adjustment code:
. \fontdimen 8\font =0.4pt\relax \relax \fontdimen 9\font =2.0pt\relax \relax
. \fontdimen 10\font =1.67pt\relax \relax \fontdimen 11\font =1.11pt\relax
. \relax \fontdimen 12\font =6.0pt\relax \relax \fontdimen 13\font =0pt\relax 
.................................................
LaTeX Font Info:    Encoding `OMX' has changed to `EU1' for symbol font
(Font)              `largesymbols' in the math version `normal' on input line 3
2.
LaTeX Font Info:    Overwriting symbol font `largesymbols' in version `normal'
(Font)                  OMX/cmex/m/n --> EU1/latinmodern-math.otf(2)/m/n on inp
ut line 32.
LaTeX Font Info:    Encoding `OMX' has changed to `EU1' for symbol font
(Font)              `largesymbols' in the math version `bold' on input line 32.

LaTeX Font Info:    Overwriting symbol font `largesymbols' in version `bold'
(Font)                  OMX/cmex/m/n --> EU1/latinmodern-math.otf(2)/bx/n on in
put line 32.

*geometry* driver: auto-detecting
*geometry* detected driver: xetex
*geometry* verbose mode - [ preamble ] result:
* driver: xetex
* paper: custom
* layout: <same size as paper>
* layoutoffset:(h,v)=(0.0pt,0.0pt)
* modes: 
* h-part:(L,W,R)=(28.45274pt, 318.6707pt, 130.88284pt)
* v-part:(T,H,B)=(48.36958pt, 500.7687pt, 48.36958pt)
* \paperwidth=478.00629pt
* \paperheight=597.50787pt
* \textwidth=318.6707pt
* \textheight=500.7687pt
* \oddsidemargin=-43.81725pt
* \evensidemargin=-43.81725pt
* \topmargin=-60.9004pt
* \headheight=12.0pt
* \headsep=25.0pt
* \topskip=10.0pt
* \footskip=30.0pt
* \marginparwidth=113.81102pt
* \marginparsep=8.5359pt
* \columnsep=10.0pt
* \skip\footins=9.0pt plus 4.0pt minus 2.0pt
* \hoffset=0.0pt
* \voffset=0.0pt
* \mag=1000
* \@twocolumnfalse
* \@twosidefalse
* \@mparswitchfalse
* \@reversemarginfalse
* (1in=72.27pt=25.4mm, 1cm=28.453pt)

Package marginnote Info: \pdfoutput not 0 and \pdflastxpos available.
(marginnote)             Extended position detection mode activated.
Package caption Info: Begin \AtBeginDocument code.
Package caption Info: End \AtBeginDocument code.
Requested font "[LinLibertine_R.otf]/ICU:script=latn;language=DFLT;mapping=tex-
text;+tnum;+lnum;" at 17.28pt
 -> /usr/share/texlive/texmf-dist/fonts/opentype/public/libertine/LinLibertine_
R.otf
Requested font "[LinLibertine_R.otf]/ICU:script=latn;language=DFLT;mapping=tex-
text;+tnum;+lnum;" at 12.0pt
 -> /usr/share/texlive/texmf-dist/fonts/opentype/public/libertine/LinLibertine_
R.otf
Requested font "[latinmodern-math.otf]/ICU:script=math;language=DFLT;" at 12.0p
t
 -> /usr/share/texlive/texmf-dist/fonts/opentype/public/lm-math/latinmodern-mat
h.otf
Requested font "[latinmodern-math.otf]/ICU:script=math;language=DFLT;+ssty=0;" 
at 8.0pt
 -> /usr/share/texlive/texmf-dist/fonts/opentype/public/lm-math/latinmodern-mat
h.otf
Requested font "[latinmodern-math.otf]/ICU:script=math;language=DFLT;+ssty=1;" 
at 6.0pt
 -> /usr/share/texlive/texmf-dist/fonts/opentype/public/lm-math/latinmodern-mat
h.otf
Requested font "cmmi12" at 12.0pt
 -> /usr/share/texlive/texmf-dist/fonts/tfm/public/cm/cmmi12.tfm
Requested font "cmmi8" at 8.0pt
 -> /usr/share/texlive/texmf-dist/fonts/tfm/public/cm/cmmi8.tfm
Requested font "cmmi6" at 6.0pt
 -> /usr/share/texlive/texmf-dist/fonts/tfm/public/cm/cmmi6.tfm
LaTeX Font Info:    Font shape `EU1/latinmodern-math.otf(1)/m/n' will be
(Font)              scaled to size 12.00018pt on input line 33.
Requested font "[latinmodern-math.otf]/ICU:script=math;language=DFLT;" at 12.00
018pt
 -> /usr/share/texlive/texmf-dist/fonts/opentype/public/lm-math/latinmodern-mat
h.otf
LaTeX Font Info:    Font shape `EU1/latinmodern-math.otf(1)/m/n' will be
(Font)              scaled to size 8.00012pt on input line 33.
Requested font "[latinmodern-math.otf]/ICU:script=math;language=DFLT;+ssty=0;" 
at 8.00012pt
 -> /usr/share/texlive/texmf-dist/fonts/opentype/public/lm-math/latinmodern-mat
h.otf
LaTeX Font Info:    Font shape `EU1/latinmodern-math.otf(1)/m/n' will be
(Font)              scaled to size 6.00009pt on input line 33.
Requested font "[latinmodern-math.otf]/ICU:script=math;language=DFLT;+ssty=1;" 
at 6.00009pt
 -> /usr/share/texlive/texmf-dist/fonts/opentype/public/lm-math/latinmodern-mat
h.otf
LaTeX Font Info:    Font shape `EU1/latinmodern-math.otf(2)/m/n' will be
(Font)              scaled to size 11.99982pt on input line 33.
Requested font "[latinmodern-math.otf]/ICU:script=math;language=DFLT;" at 11.99
982pt
 -> /usr/share/texlive/texmf-dist/fonts/opentype/public/lm-math/latinmodern-mat
h.otf
LaTeX Font Info:    Font shape `EU1/latinmodern-math.otf(2)/m/n' will be
(Font)              scaled to size 7.99988pt on input line 33.
Requested font "[latinmodern-math.otf]/ICU:script=math;language=DFLT;+ssty=0;" 
at 7.99988pt
 -> /usr/share/texlive/texmf-dist/fonts/opentype/public/lm-math/latinmodern-mat
h.otf
LaTeX Font Info:    Font shape `EU1/latinmodern-math.otf(2)/m/n' will be
(Font)              scaled to size 5.99991pt on input line 33.
Requested font "[latinmodern-math.otf]/ICU:script=math;language=DFLT;+ssty=1;" 
at 5.99991pt
 -> /usr/share/texlive/texmf-dist/fonts/opentype/public/lm-math/latinmodern-mat
h.otf
LaTeX Font Info:    Try loading font information for U+msa on input line 33.
(/usr/share/texlive/texmf-dist/tex/latex/amsfonts/umsa.fd
File: umsa.fd 2013/01/14 v3.01 AMS symbols A
)
Requested font "msam10" at 12.0pt
 -> /usr/share/texlive/texmf-dist/fonts/tfm/public/amsfonts/symbols/msam10.tfm
Requested font "msam10" at 8.0pt
 -> /usr/share/texlive/texmf-dist/fonts/tfm/public/amsfonts/symbols/msam10.tfm
Requested font "msam7" at 6.0pt
 -> /usr/share/texlive/texmf-dist/fonts/tfm/public/amsfonts/symbols/msam7.tfm
LaTeX Font Info:    Try loading font information for U+msb on input line 33.

(/usr/share/texlive/texmf-dist/tex/latex/amsfonts/umsb.fd
File: umsb.fd 2013/01/14 v3.01 AMS symbols B
)
Requested font "msbm10" at 12.0pt
 -> /usr/share/texlive/texmf-dist/fonts/tfm/public/amsfonts/symbols/msbm10.tfm
Requested font "msbm10" at 8.0pt
 -> /usr/share/texlive/texmf-dist/fonts/tfm/public/amsfonts/symbols/msbm10.tfm
Requested font "msbm7" at 6.0pt
 -> /usr/share/texlive/texmf-dist/fonts/tfm/public/amsfonts/symbols/msbm7.tfm
Requested font "[LinLibertine_R.otf]/ICU:script=latn;language=DFLT;mapping=tex-
text;+tnum;+lnum;" at 14.4pt
 -> /usr/share/texlive/texmf-dist/fonts/opentype/public/libertine/LinLibertine_
R.otf
Requested font "[LinLibertine_RB.otf]/ICU:script=latn;language=DFLT;mapping=tex
-text;+tnum;+lnum;" at 14.4pt
 -> /usr/share/texlive/texmf-dist/fonts/opentype/public/libertine/LinLibertine_
RB.otf
 (./MC.c5.toc
Requested font "[LinLibertine_RB.otf]/ICU:script=latn;language=DFLT;mapping=tex
-text;+tnum;+lnum;" at 10.0pt
 -> /usr/share/texlive/texmf-dist/fonts/opentype/public/libertine/LinLibertine_
RB.otf
Requested font "[latinmodern-math.otf]/ICU:script=math;language=DFLT;+ssty=1;" 
at 6.99997pt
 -> /usr/share/texlive/texmf-dist/fonts/opentype/public/lm-math/latinmodern-mat
h.otf
Requested font "[latinmodern-math.otf]/ICU:script=math;language=DFLT;+ssty=1;" 
at 5.0pt
 -> /usr/share/texlive/texmf-dist/fonts/opentype/public/lm-math/latinmodern-mat
h.otf
Requested font "cmmi6" at 6.99997pt
 -> /usr/share/texlive/texmf-dist/fonts/tfm/public/cm/cmmi6.tfm
LaTeX Font Info:    Font shape `EU1/latinmodern-math.otf(1)/m/n' will be
(Font)              scaled to size 10.00015pt on input line 2.
Requested font "[latinmodern-math.otf]/ICU:script=math;language=DFLT;" at 10.00
015pt
 -> /usr/share/texlive/texmf-dist/fonts/opentype/public/lm-math/latinmodern-mat
h.otf
LaTeX Font Info:    Font shape `EU1/latinmodern-math.otf(1)/m/n' will be
(Font)              scaled to size 7.00006pt on input line 2.
Requested font "[latinmodern-math.otf]/ICU:script=math;language=DFLT;+ssty=1;" 
at 7.00006pt
 -> /usr/share/texlive/texmf-dist/fonts/opentype/public/lm-math/latinmodern-mat
h.otf
LaTeX Font Info:    Font shape `EU1/latinmodern-math.otf(1)/m/n' will be
(Font)              scaled to size 5.00008pt on input line 2.
Requested font "[latinmodern-math.otf]/ICU:script=math;language=DFLT;+ssty=1;" 
at 5.00008pt
 -> /usr/share/texlive/texmf-dist/fonts/opentype/public/lm-math/latinmodern-mat
h.otf
LaTeX Font Info:    Font shape `EU1/latinmodern-math.otf(2)/m/n' will be
(Font)              scaled to size 9.99985pt on input line 2.
Requested font "[latinmodern-math.otf]/ICU:script=math;language=DFLT;" at 9.999
85pt
 -> /usr/share/texlive/texmf-dist/fonts/opentype/public/lm-math/latinmodern-mat
h.otf
LaTeX Font Info:    Font shape `EU1/latinmodern-math.otf(2)/m/n' will be
(Font)              scaled to size 6.99986pt on input line 2.
Requested font "[latinmodern-math.otf]/ICU:script=math;language=DFLT;+ssty=1;" 
at 6.99986pt
 -> /usr/share/texlive/texmf-dist/fonts/opentype/public/lm-math/latinmodern-mat
h.otf
LaTeX Font Info:    Font shape `EU1/latinmodern-math.otf(2)/m/n' will be
(Font)              scaled to size 4.99992pt on input line 2.
Requested font "[latinmodern-math.otf]/ICU:script=math;language=DFLT;+ssty=1;" 
at 4.99992pt
 -> /usr/share/texlive/texmf-dist/fonts/opentype/public/lm-math/latinmodern-mat
h.otf
Requested font "msam10" at 10.0pt
 -> /usr/share/texlive/texmf-dist/fonts/tfm/public/amsfonts/symbols/msam10.tfm
Requested font "msam7" at 6.99997pt
 -> /usr/share/texlive/texmf-dist/fonts/tfm/public/amsfonts/symbols/msam7.tfm
Requested font "msam5" at 5.0pt
 -> /usr/share/texlive/texmf-dist/fonts/tfm/public/amsfonts/symbols/msam5.tfm
Requested font "msbm10" at 10.0pt
 -> /usr/share/texlive/texmf-dist/fonts/tfm/public/amsfonts/symbols/msbm10.tfm
Requested font "msbm7" at 6.99997pt
 -> /usr/share/texlive/texmf-dist/fonts/tfm/public/amsfonts/symbols/msbm7.tfm
Requested font "msbm5" at 5.0pt
 -> /usr/share/texlive/texmf-dist/fonts/tfm/public/amsfonts/symbols/msbm5.tfm
)
\tf@toc=\write3
\openout3 = `MC.c5.toc'.


(./MC.c5.bbl

Package natbib Warning: Empty `thebibliography' environment on input line 7.

) [1

] (./MC.c5.aux) ) 
Here is how much of TeX's memory you used:
 31189 strings out of 494060
 612270 string characters out of 6156921
 701763 words of memory out of 5000000
 34162 multiletter control sequences out of 15000+600000
 9289 words of font info for 77 fonts, out of 8000000 for 9000
 1144 hyphenation exceptions out of 8191
 66i,6n,100p,10429b,222s stack positions out of 5000i,500n,10000p,200000b,80000s

Output written on MC.c5.pdf (1 page).
